Removed Member From Class: ClassName=MCU Member=R34
Change Component Designator: OldDesignator=BAT + NewDesignator=BAT +1
Change Component Designator: OldDesignator=C1 NewDesignator=C2
Change Component Designator: OldDesignator=C2 NewDesignator=C3
Change Component Designator: OldDesignator=C3 NewDesignator=C4
Change Component Designator: OldDesignator=C4 NewDesignator=C9
Change Component Designator: OldDesignator=C5 NewDesignator=C10
Change Component Designator: OldDesignator=C6 NewDesignator=C11
Change Component Designator: OldDesignator=C7 NewDesignator=C12
Change Component Designator: OldDesignator=C8 NewDesignator=C5
Change Component Designator: OldDesignator=C9 NewDesignator=C1
Change Component Designator: OldDesignator=C10 NewDesignator=C6
Change Component Designator: OldDesignator=C11 NewDesignator=C7
Change Component Designator: OldDesignator=C12 NewDesignator=C8
Change Component Designator: OldDesignator=C13 NewDesignator=C15
Change Component Designator: OldDesignator=C14 NewDesignator=C16
Change Component Designator: OldDesignator=C15 NewDesignator=C19
Change Component Designator: OldDesignator=C16 NewDesignator=C21
Change Component Designator: OldDesignator=C17 NewDesignator=C18
Change Component Designator: OldDesignator=C18 NewDesignator=C20
Change Component Designator: OldDesignator=C19 NewDesignator=C22
Change Component Designator: OldDesignator=C20 NewDesignator=C23
Change Component Designator: OldDesignator=C21 NewDesignator=C24
Change Component Designator: OldDesignator=C22 NewDesignator=C25
Change Component Designator: OldDesignator=C23 NewDesignator=C17
Change Component Designator: OldDesignator=C24 NewDesignator=C13
Change Component Designator: OldDesignator=C25 NewDesignator=C14
Change Component Designator: OldDesignator=D2 NewDesignator=D5
Change Component Designator: OldDesignator=D3 NewDesignator=D2
Change Component Designator: OldDesignator=D4 NewDesignator=D6
Change Component Designator: OldDesignator=D5 NewDesignator=D3
Change Component Designator: OldDesignator=D6 NewDesignator=D7
Change Component Designator: OldDesignator=D7 NewDesignator=D4
Change Component Designator: OldDesignator=D10 NewDesignator=D13
Change Component Designator: OldDesignator=D11 NewDesignator=D12
Change Component Designator: OldDesignator=D12 NewDesignator=D10
Change Component Designator: OldDesignator=D13 NewDesignator=D11
Change Component Designator: OldDesignator=FB1 NewDesignator=FB3
Change Component Designator: OldDesignator=FB2 NewDesignator=FB1
Change Component Designator: OldDesignator=FB3 NewDesignator=FB4
Change Component Designator: OldDesignator=FB4 NewDesignator=FB2
Change Component Designator: OldDesignator=J3 NewDesignator=J2
Change Component Designator: OldDesignator=Pack + NewDesignator=Pack +1
Change Component Designator: OldDesignator=Pack - NewDesignator=Pack -1
Change Component Designator: OldDesignator=Q1 NewDesignator=Q2
Change Component Designator: OldDesignator=Q2 NewDesignator=Q3
Change Component Designator: OldDesignator=Q3 NewDesignator=Q1
Change Component Designator: OldDesignator=Q5 NewDesignator=Q7
Change Component Designator: OldDesignator=Q6 NewDesignator=Q5
Change Component Designator: OldDesignator=Q7 NewDesignator=Q8
Change Component Designator: OldDesignator=Q8 NewDesignator=Q6
Change Component Designator: OldDesignator=R1 NewDesignator=R17
Change Component Designator: OldDesignator=R2 NewDesignator=R6
Change Component Designator: OldDesignator=R3 NewDesignator=R16
Change Component Designator: OldDesignator=R4 NewDesignator=R20
Change Component Designator: OldDesignator=R5 NewDesignator=R1
Change Component Designator: OldDesignator=R6 NewDesignator=R14
Change Component Designator: OldDesignator=R7 NewDesignator=R22
Change Component Designator: OldDesignator=R8 NewDesignator=R7
Change Component Designator: OldDesignator=R10 NewDesignator=R2
Change Component Designator: OldDesignator=R11 NewDesignator=R15
Change Component Designator: OldDesignator=R12 NewDesignator=R5
Change Component Designator: OldDesignator=R13 NewDesignator=R10
Change Component Designator: OldDesignator=R14 NewDesignator=R3
Change Component Designator: OldDesignator=R15 NewDesignator=R11
Change Component Designator: OldDesignator=R16 NewDesignator=R8
Change Component Designator: OldDesignator=R17 NewDesignator=R12
Change Component Designator: OldDesignator=R18 NewDesignator=R4
Change Component Designator: OldDesignator=R19 NewDesignator=R13
Change Component Designator: OldDesignator=R20 NewDesignator=R25
Change Component Designator: OldDesignator=R21 NewDesignator=R26
Change Component Designator: OldDesignator=R22 NewDesignator=R23
Change Component Designator: OldDesignator=R23 NewDesignator=R24
Change Component Designator: OldDesignator=R24 NewDesignator=R18
Change Component Designator: OldDesignator=R25 NewDesignator=R21
Change Component Designator: OldDesignator=R26 NewDesignator=R19
Change Component Designator: OldDesignator=R28 NewDesignator=R29
Change Component Designator: OldDesignator=R29 NewDesignator=R28
Change Component Designator: OldDesignator=R31 NewDesignator=R33
Change Component Designator: OldDesignator=R33 NewDesignator=R32
Change Component Designator: OldDesignator=R34 NewDesignator=R31
Change Component Designator: OldDesignator=U2 NewDesignator=U4
Change Component Designator: OldDesignator=U4 NewDesignator=U2
Change Net Name : Old Net Name=NetC1_1 New Net Name=NetC2_1
Change Net Name : Old Net Name=NetC1_2 New Net Name=NetC2_2
Change Net Name : Old Net Name=NetC2_1 New Net Name=NetC3_1
Change Net Name : Old Net Name=NetC3_1 New Net Name=NetC4_1
Change Net Name : Old Net Name=NetC4_2 New Net Name=NetC9_2
Change Net Name : Old Net Name=NetC7_2 New Net Name=NetC12_2
Change Net Name : Old Net Name=NetC8_1 New Net Name=NetC1_2
Change Net Name : Old Net Name=NetC25_2 New Net Name=NetC14_2
Change Net Name : Old Net Name=NetD2_1 New Net Name=NetD5_1
Change Net Name : Old Net Name=NetD3_1 New Net Name=NetD2_1
Change Net Name : Old Net Name=NetD4_1 New Net Name=NetD6_1
Change Net Name : Old Net Name=NetD4_2 New Net Name=NetD3_2
Change Net Name : Old Net Name=NetD5_1 New Net Name=NetD3_1
Change Net Name : Old Net Name=NetD6_1 New Net Name=NetD7_1
Change Net Name : Old Net Name=NetD6_2 New Net Name=NetD4_2
Change Net Name : Old Net Name=NetD7_1 New Net Name=NetD4_1
Change Net Name : Old Net Name=NetD12_1 New Net Name=NetD10_1
Change Net Name : Old Net Name=NetD13_1 New Net Name=NetD11_1
Change Net Name : Old Net Name=NetFB1_1 New Net Name=NetFB3_1
Change Net Name : Old Net Name=NetFB2_1 New Net Name=NetFB1_1
Change Net Name : Old Net Name=NetFB3_1 New Net Name=NetFB4_1
Change Net Name : Old Net Name=NetFB4_1 New Net Name=NetFB2_1
Change Net Name : Old Net Name=NetQ1_3 New Net Name=NetQ2_3
Change Net Name : Old Net Name=NetQ2_3 New Net Name=NetQ3_3
Change Net Name : Old Net Name=NetQ3_3 New Net Name=NetQ1_3
Change Net Name : Old Net Name=NetQ6_2 New Net Name=NetQ5_2
Change Net Name : Old Net Name=NetR4_2 New Net Name=NetR20_2
Change Net Name : Old Net Name=NetR33_1 New Net Name=NetR32_1
Added Member To Class: ClassName=MCU Member=Component R33 Resistor
