Removed Pin From Net: NetName=GND Pin=C17-1
Removed Pin From Net: NetName=VCC Pin=C17-2
Removed Pin From Net: NetName=GND Pin=C19-1
Removed Pin From Net: NetName=VCC Pin=C19-2
Removed Pin From Net: NetName=GND Pin=C21-1
Removed Pin From Net: NetName=VCC Pin=C21-2
Removed Pin From Net: NetName=GND Pin=U3-5
Removed Pin From Net: NetName=VCC Pin=U3-6
Removed Pin From Net: NetName=ALERT Pin=U3-8
Removed Pin From Net: NetName=GND Pin=U3-18
Removed Pin From Net: NetName=VCC Pin=U3-19
Removed Pin From Net: NetName=CAN_LBK Pin=U3-22
Removed Pin From Net: NetName=CAN_RX Pin=U3-23
Removed Pin From Net: NetName=CAN_TX Pin=U3-24
Removed Pin From Net: NetName=SWDIO Pin=U3-25
Removed Pin From Net: NetName=GND Pin=U3-26
Removed Pin From Net: NetName=VCC Pin=U3-27
Removed Pin From Net: NetName=SWCLK Pin=U3-28
Removed Pin From Net: NetName=SWO Pin=U3-30
Removed Pin From Net: NetName=SCL Pin=U3-33
Removed Pin From Net: NetName=SDA Pin=U3-34
Removed Pin From Net: NetName=NetR33_1 Pin=U3-35
Removed Pin From Net: NetName=GND Pin=U3-36
Removed Pin From Net: NetName=GND Pin=U3-37
Removed Member From Class: ClassName=MCU Member=C17
Removed Member From Class: ClassName=MCU Member=C19
Removed Member From Class: ClassName=MCU Member=C21
Change Component Footprint: Designator=U3 Old Footprint=STM-VFQFPN36_L New Footprint=FP-UFQFPN32-A0B8-MFG
Change Component Comment : Designator=U3 Old Comment=STM32F103TBU6 New Comment=STM32L432KBU6
Change Managed Component Library Link : Designator=U3 Old VaultGUID=B7D15EC3-160A-466F-A46C-7801FE6295A7 New VaultGUID=B7D15EC3-160A-466F-A46C-7801FE6295A7 Old ItemGUID=D391AEC4-2609-4C4D-8F5C-32D48F78B4A6 New ItemGUID=45714238-78AE-4ABC-A4A9-8B695C8F9A8B Old RevisionGUID=B7CA3252-D21F-4CCC-AD16-9C14A0330C4A New RevisionGUID=86075068-A8F5-40B5-82F6-7D9F00625185
Change component parameters: Designator = "U3" ("U3"); Footprint = "STM-VFQFPN36_L"; UniqueID = "\WTSFLLQV" ("\WTSFLLQV")
Change component parameters (AddParameter): Name = "Ambient Temperature Range High"; Value = "+85°C"; VariantName = "[No Variations]"
Change component parameters (AddParameter): Name = "Ambient Temperature Range Low"; Value = "-40°C"; VariantName = "[No Variations]"
Change component parameters (AddParameter): Name = "Automotive"; Value = "No"; VariantName = "[No Variations]"
Change component parameters (AddParameter): Name = "Category"; Value = "IC"; VariantName = "[No Variations]"
Change component parameters (AddParameter): Name = "ComponentLink2Description"; Value = "Datasheet"; VariantName = "[No Variations]"
Change component parameters (AddParameter): Name = "ComponentLink2URL"; Value = "https://www.st.com/resource/en/datasheet/stm32l432kb.pdf"; VariantName = "[No Variations]"
Change component parameters (AddParameter): Name = "Core Architecture"; Value = "ARM Cortex-M4"; VariantName = "[No Variations]"
Change component parameters (AddParameter): Name = "Data Bus Width"; Value = "32bits"; VariantName = "[No Variations]"
Change component parameters (AddParameter): Name = "Device Class L1"; Value = "Integrated Circuits (ICs)"; VariantName = "[No Variations]"
Change component parameters (AddParameter): Name = "Device Class L2"; Value = "Embedded Processors and Controllers"; VariantName = "[No Variations]"
Change component parameters (AddParameter): Name = "Device Class L3"; Value = "Microcontrollers"; VariantName = "[No Variations]"
Change component parameters (AddParameter): Name = "Digikey Description"; Value = "IC MCU 32BIT 128KB FLASH 32QFPN"; VariantName = "[No Variations]"
Change component parameters (AddParameter): Name = "Frequency"; Value = "80MHz"; VariantName = "[No Variations]"
Change component parameters (AddParameter): Name = "Height"; Value = "0.6mm"; VariantName = "[No Variations]"
Change component parameters (AddParameter): Name = "Interface"; Value = "I2C,SPI,UART,USART,USB,IrDA"; VariantName = "[No Variations]"
Change component parameters (AddParameter): Name = "Ipc Land Pattern Name"; Value = "QFN50P500X500X55-32"; VariantName = "[No Variations]"
Change component parameters (AddParameter): Name = "Lead Free"; Value = "Yes"; VariantName = "[No Variations]"
Change component parameters (AddParameter): Name = "Manufacturer"; Value = "STMicroelectronics"; VariantName = "[No Variations]"
Change component parameters (AddParameter): Name = "Manufacturer Part Number"; Value = "STM32L432KBU6"; VariantName = "[No Variations]"
Change component parameters (AddParameter): Name = "Max Junction Temp"; Value = "+105°C"; VariantName = "[No Variations]"
Change component parameters (AddParameter): Name = "Max Supply Voltage"; Value = "3.6V"; VariantName = "[No Variations]"
Change component parameters (AddParameter): Name = "Memory Size"; Value = "128KBytes"; VariantName = "[No Variations]"
Change component parameters (AddParameter): Name = "Memory Type"; Value = "FLASH"; VariantName = "[No Variations]"
Change component parameters (AddParameter): Name = "Min Supply Voltage"; Value = "1.62V"; VariantName = "[No Variations]"
Change component parameters (AddParameter): Name = "Number Of A/D Converters"; Value = "1"; VariantName = "[No Variations]"
Change component parameters (AddParameter): Name = "Number Of Adc Channels"; Value = "10"; VariantName = "[No Variations]"
Change component parameters (AddParameter): Name = "Number Of Cores"; Value = "1"; VariantName = "[No Variations]"
Change component parameters (AddParameter): Name = "Number Of I2C Channels"; Value = "2"; VariantName = "[No Variations]"
Change component parameters (AddParameter): Name = "Number Of I/Os"; Value = "26"; VariantName = "[No Variations]"
Change component parameters (AddParameter): Name = "Number Of Spi Channels"; Value = "2"; VariantName = "[No Variations]"
Change component parameters (AddParameter): Name = "Number Of Timers/Counters"; Value = "8"; VariantName = "[No Variations]"
Change component parameters (AddParameter): Name = "Number Of Uart Channels"; Value = "1"; VariantName = "[No Variations]"
Change component parameters (AddParameter): Name = "Octopart"; Value = "https://octopart.com/stm32l432kbu6-stmicroelectronics-74568735"; VariantName = "[No Variations]"
Change component parameters (AddParameter): Name = "Package"; Value = "UFQFPN32-A0B8"; VariantName = "[No Variations]"
Change component parameters (AddParameter): Name = "Ram Size"; Value = "64KBytes"; VariantName = "[No Variations]"
Change component parameters (AddParameter): Name = "RoHS"; Value = "TRUE"; VariantName = "[No Variations]"
Change component parameters (AddParameter): Name = "Temperature"; Value = "-40°C to +85°C"; VariantName = "[No Variations]"
Change component parameters (AddParameter): Name = "Temperature Range High"; Value = "+85°C"; VariantName = "[No Variations]"
Change component parameters (AddParameter): Name = "Temperature Range Low"; Value = "-40°C"; VariantName = "[No Variations]"
Added Pin To Net: NetName=VCC Pin=U3-5
Added Pin To Net: NetName=ALERT Pin=U3-7
Added Pin To Net: NetName=GND Pin=U3-16
Added Pin To Net: NetName=VCC Pin=U3-17
Added Pin To Net: NetName=CAN_LBK Pin=U3-18
Added Pin To Net: NetName=SCL Pin=U3-19
Added Pin To Net: NetName=SDA Pin=U3-20
Added Pin To Net: NetName=CAN_RX Pin=U3-21
Added Pin To Net: NetName=CAN_TX Pin=U3-22
Added Pin To Net: NetName=SWDIO Pin=U3-23
Added Pin To Net: NetName=SWCLK Pin=U3-24
Added Pin To Net: NetName=SWO Pin=U3-26
Added Pin To Net: NetName=NetR33_1 Pin=U3-31
Added Pin To Net: NetName=GND Pin=U3-32
Added Pin To Net: NetName=GND Pin=U3-33
Added Pin To Net: NetName=LED_B Pin=D11-2
Added Pin To Net: NetName=LED_B Pin=U3-29
Added Net: Name=LED_B
Added Pin To Net: NetName=LED_R Pin=D10-2
Added Pin To Net: NetName=LED_R Pin=U3-30
Added Net: Name=LED_R
