Added Component: Designator=BAT +1(7460305_for chemical surfaces)
Add component (AddParameter): Name = "ComponentLink1Description"; Value = "Manufacturer"; VariantName = "[No Variations]"
Add component (AddParameter): Name = "ComponentLink1URL"; Value = "http://www.we-online.de"; VariantName = "[No Variations]"
Add component (AddParameter): Name = "ComponentLink2Description"; Value = "Datasheet"; VariantName = "[No Variations]"
Add component (AddParameter): Name = "ComponentLink2URL"; Value = "https://katalog.we-online.com/em/datasheet/7460305.pdf"; VariantName = "[No Variations]"
Add component (AddParameter): Name = "Height"; Value = "7mm"; VariantName = "[No Variations]"
Add component (AddParameter): Name = "Material"; Value = "Brass"; VariantName = "[No Variations]"
Add component (AddParameter): Name = "Mounting Technology"; Value = "Press-Fit"; VariantName = "[No Variations]"
Add component (AddParameter): Name = "Operating Temperature"; Value = "-55 to +150degC"; VariantName = "[No Variations]"
Add component (AddParameter): Name = "Packaging"; Value = "Bulk"; VariantName = "[No Variations]"
Add component (AddParameter): Name = "Part Number"; Value = "7460305"; VariantName = "[No Variations]"
Add component (AddParameter): Name = "Pin Number"; Value = "8"; VariantName = "[No Variations]"
Add component (AddParameter): Name = "Published Date"; Value = "September 2019"; VariantName = "[No Variations]"
Add component (AddParameter): Name = "Publisher"; Value = "Wurth Elektronik"; VariantName = "[No Variations]"
Add component (AddParameter): Name = "Rated Current"; Value = "160A"; VariantName = "[No Variations]"
Add component (AddParameter): Name = "Size"; Value = "9x9mm"; VariantName = "[No Variations]"
Add component (AddParameter): Name = "Surface"; Value = "Tin"; VariantName = "[No Variations]"
Add component (AddParameter): Name = "Thread"; Value = "M5"; VariantName = "[No Variations]"
Add component (AddParameter): Name = "Thread Length"; Value = "6mm"; VariantName = "[No Variations]"
Added Component: Designator=BAT -1(7460305_for chemical surfaces)
Add component (AddParameter): Name = "ComponentLink1Description"; Value = "Manufacturer"; VariantName = "[No Variations]"
Add component (AddParameter): Name = "ComponentLink1URL"; Value = "http://www.we-online.de"; VariantName = "[No Variations]"
Add component (AddParameter): Name = "ComponentLink2Description"; Value = "Datasheet"; VariantName = "[No Variations]"
Add component (AddParameter): Name = "ComponentLink2URL"; Value = "https://katalog.we-online.com/em/datasheet/7460305.pdf"; VariantName = "[No Variations]"
Add component (AddParameter): Name = "Height"; Value = "7mm"; VariantName = "[No Variations]"
Add component (AddParameter): Name = "Material"; Value = "Brass"; VariantName = "[No Variations]"
Add component (AddParameter): Name = "Mounting Technology"; Value = "Press-Fit"; VariantName = "[No Variations]"
Add component (AddParameter): Name = "Operating Temperature"; Value = "-55 to +150degC"; VariantName = "[No Variations]"
Add component (AddParameter): Name = "Packaging"; Value = "Bulk"; VariantName = "[No Variations]"
Add component (AddParameter): Name = "Part Number"; Value = "7460305"; VariantName = "[No Variations]"
Add component (AddParameter): Name = "Pin Number"; Value = "8"; VariantName = "[No Variations]"
Add component (AddParameter): Name = "Published Date"; Value = "September 2019"; VariantName = "[No Variations]"
Add component (AddParameter): Name = "Publisher"; Value = "Wurth Elektronik"; VariantName = "[No Variations]"
Add component (AddParameter): Name = "Rated Current"; Value = "160A"; VariantName = "[No Variations]"
Add component (AddParameter): Name = "Size"; Value = "9x9mm"; VariantName = "[No Variations]"
Add component (AddParameter): Name = "Surface"; Value = "Tin"; VariantName = "[No Variations]"
Add component (AddParameter): Name = "Thread"; Value = "M5"; VariantName = "[No Variations]"
Add component (AddParameter): Name = "Thread Length"; Value = "6mm"; VariantName = "[No Variations]"
Added Component: Designator=Pack +1(7460305_for chemical surfaces)
Add component (AddParameter): Name = "ComponentLink1Description"; Value = "Manufacturer"; VariantName = "[No Variations]"
Add component (AddParameter): Name = "ComponentLink1URL"; Value = "http://www.we-online.de"; VariantName = "[No Variations]"
Add component (AddParameter): Name = "ComponentLink2Description"; Value = "Datasheet"; VariantName = "[No Variations]"
Add component (AddParameter): Name = "ComponentLink2URL"; Value = "https://katalog.we-online.com/em/datasheet/7460305.pdf"; VariantName = "[No Variations]"
Add component (AddParameter): Name = "Height"; Value = "7mm"; VariantName = "[No Variations]"
Add component (AddParameter): Name = "Material"; Value = "Brass"; VariantName = "[No Variations]"
Add component (AddParameter): Name = "Mounting Technology"; Value = "Press-Fit"; VariantName = "[No Variations]"
Add component (AddParameter): Name = "Operating Temperature"; Value = "-55 to +150degC"; VariantName = "[No Variations]"
Add component (AddParameter): Name = "Packaging"; Value = "Bulk"; VariantName = "[No Variations]"
Add component (AddParameter): Name = "Part Number"; Value = "7460305"; VariantName = "[No Variations]"
Add component (AddParameter): Name = "Pin Number"; Value = "8"; VariantName = "[No Variations]"
Add component (AddParameter): Name = "Published Date"; Value = "September 2019"; VariantName = "[No Variations]"
Add component (AddParameter): Name = "Publisher"; Value = "Wurth Elektronik"; VariantName = "[No Variations]"
Add component (AddParameter): Name = "Rated Current"; Value = "160A"; VariantName = "[No Variations]"
Add component (AddParameter): Name = "Size"; Value = "9x9mm"; VariantName = "[No Variations]"
Add component (AddParameter): Name = "Surface"; Value = "Tin"; VariantName = "[No Variations]"
Add component (AddParameter): Name = "Thread"; Value = "M5"; VariantName = "[No Variations]"
Add component (AddParameter): Name = "Thread Length"; Value = "6mm"; VariantName = "[No Variations]"
Added Component: Designator=Pack -1(7460305_for chemical surfaces)
Add component (AddParameter): Name = "ComponentLink1Description"; Value = "Manufacturer"; VariantName = "[No Variations]"
Add component (AddParameter): Name = "ComponentLink1URL"; Value = "http://www.we-online.de"; VariantName = "[No Variations]"
Add component (AddParameter): Name = "ComponentLink2Description"; Value = "Datasheet"; VariantName = "[No Variations]"
Add component (AddParameter): Name = "ComponentLink2URL"; Value = "https://katalog.we-online.com/em/datasheet/7460305.pdf"; VariantName = "[No Variations]"
Add component (AddParameter): Name = "Height"; Value = "7mm"; VariantName = "[No Variations]"
Add component (AddParameter): Name = "Material"; Value = "Brass"; VariantName = "[No Variations]"
Add component (AddParameter): Name = "Mounting Technology"; Value = "Press-Fit"; VariantName = "[No Variations]"
Add component (AddParameter): Name = "Operating Temperature"; Value = "-55 to +150degC"; VariantName = "[No Variations]"
Add component (AddParameter): Name = "Packaging"; Value = "Bulk"; VariantName = "[No Variations]"
Add component (AddParameter): Name = "Part Number"; Value = "7460305"; VariantName = "[No Variations]"
Add component (AddParameter): Name = "Pin Number"; Value = "8"; VariantName = "[No Variations]"
Add component (AddParameter): Name = "Published Date"; Value = "September 2019"; VariantName = "[No Variations]"
Add component (AddParameter): Name = "Publisher"; Value = "Wurth Elektronik"; VariantName = "[No Variations]"
Add component (AddParameter): Name = "Rated Current"; Value = "160A"; VariantName = "[No Variations]"
Add component (AddParameter): Name = "Size"; Value = "9x9mm"; VariantName = "[No Variations]"
Add component (AddParameter): Name = "Surface"; Value = "Tin"; VariantName = "[No Variations]"
Add component (AddParameter): Name = "Thread"; Value = "M5"; VariantName = "[No Variations]"
Add component (AddParameter): Name = "Thread Length"; Value = "6mm"; VariantName = "[No Variations]"
Added Pin To Net: NetName=Bat + Pin=BAT +1-1
Added Pin To Net: NetName=Bat + Pin=BAT +1-1
Added Pin To Net: NetName=Bat + Pin=BAT +1-1
Added Pin To Net: NetName=Bat + Pin=BAT +1-1
Added Pin To Net: NetName=Bat + Pin=BAT +1-1
Added Pin To Net: NetName=Bat + Pin=BAT +1-1
Added Pin To Net: NetName=Bat + Pin=BAT +1-1
Added Pin To Net: NetName=Bat + Pin=BAT +1-1
Added Pin To Net: NetName=GND Pin=BAT -1-1
Added Pin To Net: NetName=GND Pin=BAT -1-1
Added Pin To Net: NetName=GND Pin=BAT -1-1
Added Pin To Net: NetName=GND Pin=BAT -1-1
Added Pin To Net: NetName=GND Pin=BAT -1-1
Added Pin To Net: NetName=GND Pin=BAT -1-1
Added Pin To Net: NetName=GND Pin=BAT -1-1
Added Pin To Net: NetName=GND Pin=BAT -1-1
Added Pin To Net: NetName=Pack + Pin=Pack +1-1
Added Pin To Net: NetName=Pack + Pin=Pack +1-1
Added Pin To Net: NetName=Pack + Pin=Pack +1-1
Added Pin To Net: NetName=Pack + Pin=Pack +1-1
Added Pin To Net: NetName=Pack + Pin=Pack +1-1
Added Pin To Net: NetName=Pack + Pin=Pack +1-1
Added Pin To Net: NetName=Pack + Pin=Pack +1-1
Added Pin To Net: NetName=Pack + Pin=Pack +1-1
Added Pin To Net: NetName=Pack - Pin=Pack -1-1
Added Pin To Net: NetName=Pack - Pin=Pack -1-1
Added Pin To Net: NetName=Pack - Pin=Pack -1-1
Added Pin To Net: NetName=Pack - Pin=Pack -1-1
Added Pin To Net: NetName=Pack - Pin=Pack -1-1
Added Pin To Net: NetName=Pack - Pin=Pack -1-1
Added Pin To Net: NetName=Pack - Pin=Pack -1-1
Added Pin To Net: NetName=Pack - Pin=Pack -1-1
Added Member To Class: ClassName=bq76920 IC Member=Component BAT +1 7460305
Added Member To Class: ClassName=bq76920 IC Member=Component BAT -1 7460305
Added Member To Class: ClassName=bq76920 IC Member=Component Pack +1 7460305
Added Member To Class: ClassName=bq76920 IC Member=Component Pack -1 7460305
