Removed Pin From Net: NetName=GND Pin=C15-1
Removed Pin From Net: NetName=GND Pin=C16-1
Removed Pin From Net: NetName=VCC Pin=D12-1
Removed Pin From Net: NetName=VCC Pin=D13-1
Removed Pin From Net: NetName=GND Pin=J2-5
Removed Pin From Net: NetName=GND Pin=U2-5
Removed Pin From Net: NetName=GND Pin=U3-3
Removed Pin From Net: NetName=GND Pin=U3-4
Removed Pin From Net: NetName=GND Pin=U3-6
Removed Pin From Net: NetName=GND Pin=U3-EPAD
Removed Member From Class: ClassName=MCU Member=J2
Change Component Designator: OldDesignator=BAT + NewDesignator=BAT +1
Change Component Designator: OldDesignator=BAT - NewDesignator=BAT -1
Change Component Designator: OldDesignator=C13 NewDesignator=C14
Change Component Designator: OldDesignator=C14 NewDesignator=C15
Change Component Designator: OldDesignator=C17 NewDesignator=C16
Change Component Designator: OldDesignator=C18 NewDesignator=C17
Change Component Designator: OldDesignator=C19 NewDesignator=C18
Change Component Designator: OldDesignator=C20 NewDesignator=C19
Change Component Designator: OldDesignator=C21 NewDesignator=C20
Change Component Designator: OldDesignator=C22 NewDesignator=C21
Change Component Designator: OldDesignator=C23 NewDesignator=C22
Change Component Designator: OldDesignator=C24 NewDesignator=C23
Change Component Designator: OldDesignator=C25 NewDesignator=C24
Change Component Designator: OldDesignator=Pack + NewDesignator=Pack +1
Change Component Designator: OldDesignator=Pack - NewDesignator=Pack -1
Change Component Designator: OldDesignator=R32 NewDesignator=R33
Change Component Designator: OldDesignator=R33 NewDesignator=R34
Change Component Designator: OldDesignator=U4 NewDesignator=U3
Added Component: Designator=C13(C_0603)
Add component (AddParameter): Name = "Category"; Value = "Ceramic Capacitors"; VariantName = "[No Variations]"
Add component (AddParameter): Name = "ComponentLink1Description"; Value = "New link"; VariantName = "[No Variations]"
Add component (AddParameter): Name = "ComponentLink1URL"; Value = ""; VariantName = "[No Variations]"
Add component (AddParameter): Name = "Manufacturer"; Value = "Kyocera AVX"; VariantName = "[No Variations]"
Add component (AddParameter): Name = "Manufacturer Part Number"; Value = "06035C104JAT4A"; VariantName = "[No Variations]"
Add component (AddParameter): Name = "Pricing 1"; Value = "1=0.11000, 10=0.04300, 50=0.04300, 100=0.03500, 1000=0.02000, 10000=0.01400 (USD)"; VariantName = "[No Variations]"
Add component (AddParameter): Name = "RoHS"; Value = "Yes"; VariantName = "[No Variations]"
Add component (AddParameter): Name = "RoHS Compliant"; Value = "Yes"; VariantName = "[No Variations]"
Add component (AddParameter): Name = "Stock 1"; Value = "26326"; VariantName = "[No Variations]"
Add component (AddParameter): Name = "Supplier 1"; Value = "Mouser"; VariantName = "[No Variations]"
Add component (AddParameter): Name = "Supplier Part Number 1"; Value = "581-06035C104JAT4A"; VariantName = "[No Variations]"
Add component (AddParameter): Name = "Value"; Value = "0.1uF"; VariantName = "[No Variations]"
Added Component: Designator=D12(FP-318-08-MFG)
Add component (AddParameter): Name = "Automotive"; Value = "Yes"; VariantName = "[No Variations]"
Add component (AddParameter): Name = "Automotive Grade"; Value = "Grade 0"; VariantName = "[No Variations]"
Add component (AddParameter): Name = "Breakdown Voltage"; Value = "35.6V"; VariantName = "[No Variations]"
Add component (AddParameter): Name = "Capacitance"; Value = "30pF"; VariantName = "[No Variations]"
Add component (AddParameter): Name = "Category"; Value = "Diode"; VariantName = "[No Variations]"
Add component (AddParameter): Name = "Clamping Voltage"; Value = "66V"; VariantName = "[No Variations]"
Add component (AddParameter): Name = "ComponentLink2Description"; Value = "Datasheet"; VariantName = "[No Variations]"
Add component (AddParameter): Name = "ComponentLink2URL"; Value = "https://www.onsemi.com/pub/Collateral/NUP3105L-D.PDF"; VariantName = "[No Variations]"
Add component (AddParameter): Name = "Device Class L1"; Value = "Circuit Protection"; VariantName = "[No Variations]"
Add component (AddParameter): Name = "Device Class L2"; Value = "TVS Diodes"; VariantName = "[No Variations]"
Add component (AddParameter): Name = "Device Class L3"; Value = "unset"; VariantName = "[No Variations]"
Add component (AddParameter): Name = "Digikey Description"; Value = "TVS DIODE 32V 66V SOT23-3"; VariantName = "[No Variations]"
Add component (AddParameter): Name = "Direction"; Value = "Bidirectional"; VariantName = "[No Variations]"
Add component (AddParameter): Name = "Footprint Url"; Value = "https://www.onsemi.com/pub/Collateral/318-08.PDF"; VariantName = "[No Variations]"
Add component (AddParameter): Name = "Height"; Value = "1.11mm"; VariantName = "[No Variations]"
Add component (AddParameter): Name = "Lead Free"; Value = "Yes"; VariantName = "[No Variations]"
Add component (AddParameter): Name = "Manufacturer"; Value = "ON Semiconductor"; VariantName = "[No Variations]"
Add component (AddParameter): Name = "Manufacturer Part Number"; Value = "SZNUP3105LT3G"; VariantName = "[No Variations]"
Add component (AddParameter): Name = "Max Junction Temp"; Value = "+150°C"; VariantName = "[No Variations]"
Add component (AddParameter): Name = "Mouser Description"; Value = "32V Dual Line CAN Bus Protector in SOT-23 AEC-Q 24 V CAN Bus Protector in SOT-23"; VariantName = "[No Variations]"
Add component (AddParameter): Name = "Number Of Channels"; Value = "2"; VariantName = "[No Variations]"
Add component (AddParameter): Name = "Octopart"; Value = "https://octopart.com/sznup3105lt3g-on+semiconductor-54318507"; VariantName = "[No Variations]"
Add component (AddParameter): Name = "Package"; Value = "318-08"; VariantName = "[No Variations]"
Add component (AddParameter): Name = "Peak Pulse Current"; Value = "8A"; VariantName = "[No Variations]"
Add component (AddParameter): Name = "Peak Pulse Power"; Value = "350W"; VariantName = "[No Variations]"
Add component (AddParameter): Name = "Reverse Standoff Voltage"; Value = "32V"; VariantName = "[No Variations]"
Add component (AddParameter): Name = "RoHS"; Value = "TRUE"; VariantName = "[No Variations]"
Add component (AddParameter): Name = "Standoff Height"; Value = "0.01mm"; VariantName = "[No Variations]"
Add component (AddParameter): Name = "Temperature"; Value = "-55°C to +150°C"; VariantName = "[No Variations]"
Add component (AddParameter): Name = "Temperature Range High"; Value = "+150°C"; VariantName = "[No Variations]"
Add component (AddParameter): Name = "Temperature Range Low"; Value = "-55°C"; VariantName = "[No Variations]"
Add component (AddParameter): Name = "Value"; Value = "30pF"; VariantName = "[No Variations]"
Added Component: Designator=R32(R-0603)
Add component (AddParameter): Name = "Value"; Value = "120R"; VariantName = "[No Variations]"
Added Component: Designator=U2(D0008A_N)
Add component (AddParameter): Name = "Bus Fault Voltage(V)"; Value = "+/-30"; VariantName = "[No Variations]"
Add component (AddParameter): Name = "Code_JEDEC"; Value = "MS-012AA"; VariantName = "[No Variations]"
Add component (AddParameter): Name = "ComponentLink1Description"; Value = "Datasheet"; VariantName = "[No Variations]"
Add component (AddParameter): Name = "ComponentLink1URL"; Value = "http://www.ti.com/general/docs/lit/getliterature.tsp?genericPartNumber=SN65HVD233&fileType=pdf"; VariantName = "[No Variations]"
Add component (AddParameter): Name = "ComponentLink2Description"; Value = ""; VariantName = "[No Variations]"
Add component (AddParameter): Name = "ComponentLink2URL"; Value = ""; VariantName = "[No Variations]"
Add component (AddParameter): Name = "DatasheetVersion"; Value = "SLLS557F"; VariantName = "[No Variations]"
Add component (AddParameter): Name = "Drivers Per Package"; Value = "1"; VariantName = "[No Variations]"
Add component (AddParameter): Name = "Eco-Plan"; Value = "Green (RoHS & no Sb/Br)"; VariantName = "[No Variations]"
Add component (AddParameter): Name = "Features"; Value = "Loop Back"; VariantName = "[No Variations]"
Add component (AddParameter): Name = "ICC(Max)(mA)"; Value = "6"; VariantName = "[No Variations]"
Add component (AddParameter): Name = "Isolated"; Value = "No"; VariantName = "[No Variations]"
Add component (AddParameter): Name = "Low Power Mode"; Value = "Standby"; VariantName = "[No Variations]"
Add component (AddParameter): Name = "Manufacturer"; Value = "Texas Instruments"; VariantName = "[No Variations]"
Add component (AddParameter): Name = "Mounting Technology"; Value = "Surface Mount"; VariantName = "[No Variations]"
Add component (AddParameter): Name = "PackageDescription"; Value = "8-Pin Plastic Small Outline Integrated Circuit, 4.9 x 3.9 mm, Pitch 1.27 mm Pitch"; VariantName = "[No Variations]"
Add component (AddParameter): Name = "PackageReference"; Value = "D0008A"; VariantName = "[No Variations]"
Add component (AddParameter): Name = "PackageVersion"; Value = "revM, Jun-2011"; VariantName = "[No Variations]"
Add component (AddParameter): Name = "PartNumber"; Value = "SN65HVD233D"; VariantName = "[No Variations]"
Add component (AddParameter): Name = "Rating"; Value = "Catalog"; VariantName = "[No Variations]"
Add component (AddParameter): Name = "Receivers Per Package"; Value = "1"; VariantName = "[No Variations]"
Add component (AddParameter): Name = "SubFamily"; Value = "CAN"; VariantName = "[No Variations]"
Add component (AddParameter): Name = "Supply Voltage(s)(V)"; Value = "3.3"; VariantName = "[No Variations]"
Add component (AddParameter): Name = "Transient Pulse Protection(V)"; Value = "-100 to 100"; VariantName = "[No Variations]"
Added Pin To Net: NetName=VCC Pin=C11-2
Added Pin To Net: NetName=GND Pin=C13-1
Added Pin To Net: NetName=VCC Pin=C13-2
Added Pin To Net: NetName=GND Pin=D12-3
Added Pin To Net: NetName=VCC Pin=U1-8
Added Pin To Net: NetName=GND Pin=U2-2
Added Pin To Net: NetName=VCC Pin=U2-3
Added Pin To Net: NetName=GND Pin=U2-8
Change Net Name : Old Net Name=NetC14_2 New Net Name=NetC15_2
Change Net Name : Old Net Name=NetR32_1 New Net Name=NetR33_1
Added Pin To Net: NetName=CAN_LBK Pin=U2-5
Added Pin To Net: NetName=CAN_LBK Pin=U3-22
Added Net: Name=CAN_LBK
Added Pin To Net: NetName=CAN_N Pin=D12-2
Added Pin To Net: NetName=CAN_N Pin=R32-1
Added Pin To Net: NetName=CAN_N Pin=U2-6
Added Net: Name=CAN_N
Added Pin To Net: NetName=CAN_P Pin=D12-1
Added Pin To Net: NetName=CAN_P Pin=R32-2
Added Pin To Net: NetName=CAN_P Pin=U2-7
Added Net: Name=CAN_P
Added Pin To Net: NetName=CAN_RX Pin=U2-4
Added Pin To Net: NetName=CAN_RX Pin=U3-23
Added Net: Name=CAN_RX
Added Pin To Net: NetName=CAN_TX Pin=U2-1
Added Pin To Net: NetName=CAN_TX Pin=U3-24
Added Net: Name=CAN_TX
Added Differential Pair: Name=CAN
Added Member To Class: ClassName=bq76920 IC Member=Component C2 C0603C224K3RECAUTO
Added Member To Class: ClassName=bq76920 IC Member=Component C4 C0603C224K3RECAUTO
Added Member To Class: ClassName=bq76920 IC Member=Component C10 C0603C105K9RAC7411
Added Member To Class: ClassName=bq76920 IC Member=Component C12 C
Added Member To Class: ClassName=MCU Member=Component C14 06031U240FAT2A
Added Member To Class: ClassName=MCU Member=Component C15 06031U240FAT2A
Added Member To Class: ClassName=MCU Member=Component C16 C0603X104K5RAC7411
Added Member To Class: ClassName=MCU Member=Component C17 C0603X104K5RAC7411
Added Member To Class: ClassName=MCU Member=Component C18 C0603C105K9RAC7411
Added Member To Class: ClassName=MCU Member=Component C21 C0603X104K5RAC7411
Added Member To Class: ClassName=MCU Member=Component C23 C0603X104K5RAC7411
Added Member To Class: ClassName=bq76920 IC Member=Component D2 150060BS55040
Added Member To Class: ClassName=bq76920 IC Member=Component D5 MMSZ5232BS-7-F
Added Member To Class: ClassName=bq76920 IC Member=Component D6 MMSZ5232BS-7-F
Added Member To Class: ClassName=MCU Member=Component D11 150060BS55040
Added Member To Class: ClassName=bq76920 IC Member=Component FB1 BLM18SG221TN1D
Added Member To Class: ClassName=bq76920 IC Member=Component FB4 BLM18SG221TN1D
Added Member To Class: ClassName=bq76920 IC Member=Component Q3 DMG1012T-13
Added Member To Class: ClassName=bq76920 IC Member=Component Q7 FDN5618P
Added Member To Class: ClassName=bq76920 IC Member=Component Q8 TK25S06N1L,LXHQ
Added Member To Class: ClassName=bq76920 IC Member=Component R4 CRCW251221R0FKEGHP
Added Member To Class: ClassName=bq76920 IC Member=Component R5 RT0603DRE07583RL
Added Member To Class: ClassName=bq76920 IC Member=Component R6 RT0603DRE07583RL
Added Member To Class: ClassName=bq76920 IC Member=Component R10 CMP0603AFX-1002ELF
Added Member To Class: ClassName=bq76920 IC Member=Component R11 CRCW06031K00FKEAC
Added Member To Class: ClassName=bq76920 IC Member=Component R14 CRCW06031K00FKEAC
Added Member To Class: ClassName=bq76920 IC Member=Component R16 CMP0603AFX-1002ELF
Added Member To Class: ClassName=bq76920 IC Member=Component R17 CRCW06031K00FKEAC
Added Member To Class: ClassName=bq76920 IC Member=Component R20 CMP0603AFX-1002ELF
Added Member To Class: ClassName=bq76920 IC Member=Component R22 Resistor
Added Member To Class: ClassName=bq76920 IC Member=Component R23 CRCW06031M00FKEAC
Added Member To Class: ClassName=bq76920 IC Member=Component R25 CRCW06031M00FKEAC
Added Member To Class: ClassName=bq76920 IC Member=Component R26 CRCW06031M00FKEAC
Added Member To Class: ClassName=MCU Member=Component R29 CRCW06031K10JNEAC
Added Member To Class: ClassName=MCU Member=Component R31 Resistor
Added Member To Class: ClassName=MCU Member=Component R33 Resistor
Added Member To Class: ClassName=MCU Member=Component R34 Resistor
